Mono path[0] = 'C:/Program Files (x86)/Steam/steamapps/common/Valheim/valheim_Data/Managed'
Mono config path = 'C:/Program Files (x86)/Steam/steamapps/common/Valheim/MonoBleedingEdge/etc'
Fallback handler could not load library C:/Program Files (x86)/Steam/steamapps/common/Valheim/valheim_Data/MonoBleedingEdge/data-0000019D908140A0.dll
Fallback handler could not load library C:/Program Files (x86)/Steam/steamapps/common/Valheim/valheim_Data/MonoBleedingEdge/data-0000019D9640D040.dll
[Physics::Module] Initialized MultithreadedJobDispatcher with 15 workers.
Initialize engine version: 2022.3.12f1 (4fe6e059c7ef)
[Subsystems] Discovering subsystems at path C:/Program Files (x86)/Steam/steamapps/common/Valheim/valheim_Data/UnitySubsystems
GfxDevice: creating device client; threaded=1; jobified=0
Direct3D:
    Version:  Direct3D 11.0 [level 11.1]
    Renderer: NVIDIA GeForce GTX 960 (ID=0x1401)
    Vendor:   NVIDIA
    VRAM:     4047 MB
    Driver:   31.0.15.4601
Begin MonoManager ReloadAssembly
- Loaded All Assemblies, in  0.090 seconds
- Finished resetting the current domain, in  0.001 seconds
<RI> Initializing input.
New input system (experimental) initialized
Using Windows.Gaming.Input
<RI> Input initialized.
<RI> Initialized touch support.
UnloadTime: 0.992400 ms
[Message:   BepInEx] BepInEx 5.4.22.0 - valheim (12/11/2023 5:11:00 AM)
[Message:   BepInEx] User is running BepInExPack Valheim version 5.4.2202 from Thunderstore
[Info   :   BepInEx] Running under Unity v2022.3.12.5236448
[Info   :   BepInEx] CLR runtime version: 4.0.30319.42000
[Info   :   BepInEx] Supports SRE: True
[Info   :   BepInEx] System platform: Bits64, Windows
[Message:   BepInEx] Preloader started
[Info   :   BepInEx] Loaded 1 patcher method from [BepInEx.Preloader 5.4.22.0]
[Info   :   BepInEx] Loaded 1 patcher method from [ShutUp 1.0.0.0]
[Info   :   BepInEx] Loaded 1 patcher method from [StartupAccelerator 1.0.0.0]
[Info   :   BepInEx] 3 patcher plugins loaded
[Info   :   BepInEx] Patching [UnityEngine.CoreModule] with [BepInEx.Chainloader]
[Message:   BepInEx] Preloader finished
[Message:   BepInEx] Chainloader ready
Fallback handler could not load library C:/Program Files (x86)/Steam/steamapps/common/Valheim/valheim_Data/MonoBleedingEdge/data-0000019CA26ADB80.dll
[Message:   BepInEx] Chainloader started
[Debug  :   BepInEx] Skipping loading C:\Users\johnf\AppData\Roaming\r2modmanPlus-local\Valheim\profiles\Project Valheim\BepInEx\plugins\CrazyPony-Clock\._ClockMod.dll because it's not a valid .NET assembly. Full error: Format of the executable (.exe) or library (.dll) is invalid.
[Info   :   BepInEx] 127 plugins to load
[Info   :   BepInEx] Loading [PlantEverything 1.16.2]
[Info   :   BepInEx] Loading [Spyglass 3.1.0]
[Info   :   BepInEx] Loading [Auto Feed 0.8.0]
[Info   :   BepInEx] Loading [Clock Mod 1.6.0]
[Info   :   BepInEx] Loading [Hotbar Switch 0.2.0]
[Info   :   BepInEx] Loading [Notification Tweaks 0.5.0]
Fallback handler could not load library C:/Program Files (x86)/Steam/steamapps/common/Valheim/valheim_Data/MonoBleedingEdge/data-0000019DDBE89140.dll
Fallback handler could not load library C:/Program Files (x86)/Steam/steamapps/common/Valheim/valheim_Data/MonoBleedingEdge/data-0000019DDBE8A150.dll
[Info   :   BepInEx] Loading [Show Container Contents 0.4.0]
[Info   :   BepInEx] Loading [LocalizationCache 0.2.0]
[Info   :   BepInEx] Loading [Configuration Manager 18.0.1]
[Info   :   BepInEx] Loading [Creature Level & Loot Control 4.5.18]
12/17/2023 14:16:34: Loaded localization file #0 - 'localization' language: 'English'
12/17/2023 14:16:34: Loaded localization file #1 - 'localization_extra' language: 'English'
12/17/2023 14:16:34: Loaded localization file #2 - 'heightmap_message' language: 'English'
12/17/2023 14:16:34: Loaded localization file #3 - 'localization_hildir' language: 'English'
12/17/2023 14:16:34: Loaded localization file #4 - 'localization_emotes' language: 'English'
[Info   :   BepInEx] Loading [Spawn That! 1.2.8]
[Info   :   BepInEx] Loading [Custom Raids 1.7.10]
[Info   :   BepInEx] Loading [Jotunn 2.15.2]
[Info   :   BepInEx] Loading [Horemvores Assembly 1.0.6]
[Info   :   BepInEx] Loading [AzuExtendedPlayerInventory 1.3.8]
[Info   :   BepInEx] Loading [Groups 1.2.6]
[Info   :   BepInEx] Loading [Jewelcrafting 1.5.12]
[Info   :   BepInEx] Loading [AzuAntiArthriticCrafting 1.3.4]
[Info   :   BepInEx] Loading [CraftyCarts 3.1.1]
[Info   :   BepInEx] Loading [ResourceUnloadOptimizer 1.0.2]
[Info   :   BepInEx] Loading [SleepSkip 1.0.7]
[Info   :   BepInEx] Loading [TheSpiceOfLife 1.0.0]
[Info   :   BepInEx] Loading [BalrondContainers 1.1.2]
[Info   :   BepInEx] Loading [BalrondHumanoidRandomizer 1.0.9]
[Info   :   BepInEx] Loading [BalrondShipyard 1.2.6]
[Info   :   BepInEx] Loading [BeeKeeper 1.0.1]
[Info   :   BepInEx] Loading [BowPlugin 1.7.3]
[Info   :   BepInEx] Loading [CombatIncentivesREwrite 1.0.6]
[Info   :   BepInEx] Loading [Dual Wield 1.0.9]
[Info   :   BepInEx] Loading [CombatOverhaulREwrite 1.1.8]
[Info   :   BepInEx] Loading [GlassPieces 1.0.3]
[Info   :   BepInEx] Loading [Herbalist 1.3.1]
[Info   :   BepInEx] Loading [MagicPlugin 1.8.3]
[Info   :   BepInEx] Loading [SNEAKer 1.1.3]
[Info   :   BepInEx] Loading [VikingsDoSwim 1.3.1]
[Info   :   BepInEx] Loading [WieldEquipmentWhileSwimming 1.0.7]
[Info   :   BepInEx] Loading [BreedingTweaks 1.0.0]
[Info   :   BepInEx] Loading [Abacus 1.0.0]
[Info   :   BepInEx] Loading [ComfyGizmo 1.9.0]
[Info   :   BepInEx] Loading [BeastsOfBurdenEV 1.0.5]
[Info   :   BepInEx] Loading [MissingPieces 2.0.4]
[Info   :   BepInEx] Loading [ChebsNecromancy 4.4.0]
[Info   :   BepInEx] Loading [BossDespawn 1.4.0]
[Info   :   BepInEx] Loading [ChestSnap 0.0.3]
[Info   :   BepInEx] Loading [DragoonCapes 1.2.2]
[Info   :   BepInEx] Loading [FenceSnap 0.3.0]
[Info   :   BepInEx] Loading [MultiUserChest 0.5.6]
[Info   :   BepInEx] Loading [AsocialCartography 0.1.0]
[Info   :   BepInEx] Loading [PinAssistant 1.6.0]
[Error  :WxAxW.PinAssistant.Utils.Debug] Minimap not found, this should not happen unless Debug Mode is enabled while in main menu
[Info   :   BepInEx] Loading [Crawler 0.0.7]
Loading Nasty Crawler
[Info   :   BepInEx] Loading [Better Networking 2.3.2]
Fallback handler could not load library C:/Program Files (x86)/Steam/steamapps/common/Valheim/valheim_Data/MonoBleedingEdge/data-0000019F1D29E400.dll
Fallback handler could not load library C:/Program Files (x86)/Steam/steamapps/common/Valheim/valheim_Data/MonoBleedingEdge/data-0000019F1D20D0E0.dll
[Info   :   BepInEx] Loading [Legendary Weapons 1.0.2]
[Info   :   BepInEx] Loading [ServerSideMap 1.3.10.0]
[Info   :   BepInEx] Loading [FurtherUpgrades 1.1.1]
[Info   :   BepInEx] Loading [NoAFKEvents 1.0.2]
[Info   :   BepInEx] Loading [Quick Stack - Store - Sort - Trash - Restock 1.4.5]
[Info   :   BepInEx] Loading [Golem 0.0.7]
Loading Golem
[Info   :   BepInEx] Loading [OdinsFoodBarrels 1.0.16]
[Info   :   BepInEx] Loading [Monsterzz 0.0.7]
[Info   :   BepInEx] Loading [DoOrDieMonsters 1.1.7]
[Info   :   BepInEx] Loading [Do Or Die Items 0.6.3]
[Warning:Do Or Die Items] Logging is enabled in the config!
[Info   :   BepInEx] Loading [Lycanthrope 1.0.7]
[Info   :   BepInEx] Loading [RuneMagic 1.1.26]
Calculated centers for 29 icebergs
[Info   :   BepInEx] Loading [Forsaken Power Overhaul 1.1.3]
[Info   :   BepInEx] Loading [kg.NoMoreCrashes 1.5.0]
[Info   :   BepInEx] Loading [TameableCollector 1.0.0]
[Info   :   BepInEx] Loading [Valheim Enchantment System 1.6.3]
Fallback handler could not load library C:/Program Files (x86)/Steam/steamapps/common/Valheim/valheim_Data/MonoBleedingEdge/data-0000019F4CB544C0.dll
[Info   :   BepInEx] Loading [Less ZDO Corruption 1.0.1]
[Info   :   BepInEx] Loading [ValheimArmory 1.6.2]
[Info   :   BepInEx] Loading [BetterUI 2.5.4]
[Info   :   BepInEx] Loading [MagicWeapons 1.2.0]
[Info   :   BepInEx] Loading [CycleChests 0.1.0]
CycleChests: Awake
[Info   :   BepInEx] Loading [SlayerSkills 1.0.8]
SlayerSkills: Awake
[Info   :   BepInEx] Loading [Speedy Paths Mod 1.0.8]
[Info   :   BepInEx] Loading [OdinsKingdom 1.2.14]
[Info   :   BepInEx] Loading [HoneyPlus 5.3.0]
[Warning:Jotunn.Managers.ItemManager] [HoneyPlus] Custom item HoneySausages already added
[Info   :   BepInEx] Loading [Backpacks 1.3.2]
[Info   :   BepInEx] Loading [AutoFollowPath 1.4.0]
[Info   :   BepInEx] Loading [Blacksmithing 1.2.5]
[Info   :   BepInEx] Loading [Cooking 1.1.15]
[Info   :   BepInEx] Loading [Darwin Awards 1.0.6]
[Info   :   BepInEx] Loading [Exploration 1.0.2]
[Info   :   BepInEx] Loading [Farming 2.1.12]
[Info   :   BepInEx] Loading [Foraging 1.0.8]
[Info   :   BepInEx] Loading [Lumberjacking 1.0.5]
[Info   :   BepInEx] Loading [Mining 1.1.5]
[Info   :   BepInEx] Loading [PackHorse 1.0.3]
[Info   :   BepInEx] Loading [Resurrection 1.0.11]
