Mono path[0] = 'C:/Program Files (x86)/Steam/steamapps/common/Valheim/valheim_Data/Managed'
Mono config path = 'C:/Program Files (x86)/Steam/steamapps/common/Valheim/MonoBleedingEdge/etc'
Fallback handler could not load library C:/Program Files (x86)/Steam/steamapps/common/Valheim/valheim_Data/MonoBleedingEdge/data-000001B20EE41AB0.dll
Fallback handler could not load library C:/Program Files (x86)/Steam/steamapps/common/Valheim/valheim_Data/MonoBleedingEdge/data-000001B214186040.dll
[Physics::Module] Initialized MultithreadedJobDispatcher with 15 workers.
Initialize engine version: 2022.3.12f1 (4fe6e059c7ef)
[Subsystems] Discovering subsystems at path C:/Program Files (x86)/Steam/steamapps/common/Valheim/valheim_Data/UnitySubsystems
GfxDevice: creating device client; threaded=1; jobified=1
Direct3D:
    Version:  Direct3D 11.0 [level 11.1]
    Renderer: NVIDIA GeForce GTX 960 (ID=0x1401)
    Vendor:   NVIDIA
    VRAM:     4040 MB
    Driver:   31.0.15.5123
Begin MonoManager ReloadAssembly
- Loaded All Assemblies, in  0.086 seconds
- Finished resetting the current domain, in  0.001 seconds
<RI> Initializing input.
New input system (experimental) initialized
Using Windows.Gaming.Input
<RI> Input initialized.
<RI> Initialized touch support.
UnloadTime: 0.819700 ms
[Message:   BepInEx] BepInEx 5.4.22.0 - valheim (12/11/2023 5:11:00 AM)
[Message:   BepInEx] User is running BepInExPack Valheim version 5.4.2202 from Thunderstore
[Info   :   BepInEx] Running under Unity v2022.3.12.5236448
[Info   :   BepInEx] CLR runtime version: 4.0.30319.42000
[Info   :   BepInEx] Supports SRE: True
[Info   :   BepInEx] System platform: Bits64, Windows
[Message:   BepInEx] Preloader started
[Info   :   BepInEx] Loaded 1 patcher method from [BepInEx.Preloader 5.4.22.0]
[Info   :   BepInEx] Loaded 1 patcher method from [ShutUp 1.0.0.0]
[Info   :   BepInEx] Loaded 1 patcher method from [StartupAccelerator 1.0.0.0]
[Info   :   BepInEx] Loaded 1 patcher method from [BepInEx.MonoMod.HookGenPatcher 1.2.0.0]
[Info   :   BepInEx] 4 patcher plugins loaded
[Info   :HookGenPatcher] Previous MMHOOK location found. Using that location to save instead.
[Info   :HookGenPatcher] Already ran for this version, reusing that file.
[Info   :HookGenPatcher] Previous MMHOOK location found. Using that location to save instead.
[Info   :HookGenPatcher] Already ran for this version, reusing that file.
[Info   :HookGenPatcher] Previous MMHOOK location found. Using that location to save instead.
[Info   :HookGenPatcher] Already ran for this version, reusing that file.
[Info   :HookGenPatcher] Previous MMHOOK location found. Using that location to save instead.
[Info   :HookGenPatcher] Already ran for this version, reusing that file.
[Info   :HookGenPatcher] Previous MMHOOK location found. Using that location to save instead.
[Info   :HookGenPatcher] Already ran for this version, reusing that file.
[Info   :HookGenPatcher] Previous MMHOOK location found. Using that location to save instead.
[Info   :HookGenPatcher] Already ran for this version, reusing that file.
[Info   :HookGenPatcher] Previous MMHOOK location found. Using that location to save instead.
[Info   :HookGenPatcher] Already ran for this version, reusing that file.
[Info   :HookGenPatcher] Previous MMHOOK location found. Using that location to save instead.
[Info   :HookGenPatcher] Already ran for this version, reusing that file.
[Info   :   BepInEx] Patching [UnityEngine.CoreModule] with [BepInEx.Chainloader]
[Message:   BepInEx] Preloader finished
[Message:   BepInEx] Chainloader ready
Fallback handler could not load library C:/Program Files (x86)/Steam/steamapps/common/Valheim/valheim_Data/MonoBleedingEdge/data-000001B1405E9C70.dll
[Message:   BepInEx] Chainloader started
[Debug  :   BepInEx] Skipping loading C:\Users\johnf\AppData\Roaming\r2modmanPlus-local\Valheim\profiles\Project Valheim\BepInEx\plugins\CrazyPony-Clock\._ClockMod.dll because it's not a valid .NET assembly. Full error: Format of the executable (.exe) or library (.dll) is invalid.
[Info   :   BepInEx] 139 plugins to load
[Info   :   BepInEx] Loading [PlantEverything 1.16.2]
[Info   :   BepInEx] Loading [Auto Feed 0.8.0]
[Info   :   BepInEx] Loading [Clock Mod 1.6.0]
[Info   :   BepInEx] Loading [Crafting Filter 0.9.0]
[Info   :   BepInEx] Loading [Grass Tweaks 0.4.0]
[Info   :   BepInEx] Loading [Hotbar Switch 0.2.0]
[Info   :   BepInEx] Loading [Notification Tweaks 0.5.0]
Fallback handler could not load library C:/Program Files (x86)/Steam/steamapps/common/Valheim/valheim_Data/MonoBleedingEdge/data-000001B210191440.dll
Fallback handler could not load library C:/Program Files (x86)/Steam/steamapps/common/Valheim/valheim_Data/MonoBleedingEdge/data-000001B210192450.dll
[Info   :   BepInEx] Loading [Show Container Contents 0.4.0]
[Info   :   BepInEx] Loading [LocalizationCache 0.2.0]
[Info   :   BepInEx] Loading [Configuration Manager 18.2]
[Info   :   BepInEx] Loading [Creature Level & Loot Control 4.5.19]
02/08/2024 08:49:36: Loaded localization file #0 - 'localization' language: 'English'
02/08/2024 08:49:36: Loaded localization file #1 - 'localization_extra' language: 'English'
02/08/2024 08:49:36: Loaded localization file #2 - 'heightmap_message' language: 'English'
02/08/2024 08:49:36: Loaded localization file #3 - 'localization_hildir' language: 'English'
02/08/2024 08:49:36: Loaded localization file #4 - 'localization_emotes' language: 'English'
[Info   :   BepInEx] Loading [Spawn That! 1.2.9]
[Info   :   BepInEx] Loading [Jotunn 2.16.2]
[Info   :   BepInEx] Loading [Horemvores Assembly 1.0.8]
[Info   :   BepInEx] Loading [AzuExtendedPlayerInventory 1.3.8]
[Info   :   BepInEx] Loading [Groups 1.2.6]
[Info   :   BepInEx] Loading [Jewelcrafting 1.5.13]
[Info   :   BepInEx] Loading [AzuAntiArthriticCrafting 1.3.4]
[Info   :   BepInEx] Loading [CraftyCarts 3.1.1]
[Info   :   BepInEx] Loading [RecipeDescriptionExpansion 1.1.3]
[Info   :   BepInEx] Loading [ResourceUnloadOptimizer 1.0.2]
[Info   :   BepInEx] Loading [SleepSkip 1.0.8]
[Info   :   BepInEx] Loading [TheSpiceOfLife 1.0.0]
[Info   :   BepInEx] Loading [BalrondContainers 1.2.3]
[Info   :   BepInEx] Loading [BalrondHumanoidRandomizer 1.1.2]
[Info   :   BepInEx] Loading [BalrondShipyard 1.3.5]
[Info   :   BepInEx] Loading [BeeKeeper 1.0.2]
[Info   :   BepInEx] Loading [BowPlugin 1.7.3]
[Info   :   BepInEx] Loading [ClayBuildPieces 1.0.6]
[Info   :   BepInEx] Loading [CombatIncentivesREwrite 1.0.6]
[Info   :   BepInEx] Loading [Terraheim 2.3.9]
[Info   :   BepInEx] Loading [TerraheimItems 2.3.8]
[Info   :   BepInEx] Loading [CombatOverhaulREwrite 1.1.8]
[Info   :   BepInEx] Loading [CookingAdditions 1.0.9]
[Info   :   BepInEx] Loading [FineWoodBuildPieces 1.0.6]
[Info   :   BepInEx] Loading [FineWoodFurnitures 1.0.0]
[Info   :   BepInEx] Loading [GlassPieces 1.0.7]
[Info   :   BepInEx] Loading [Herbalist 1.3.2]
[Info   :   BepInEx] Loading [MagicPlugin 1.8.4]
[Info   :   BepInEx] Loading [NoDropsFromMonsterKill 1.0.8]
[Info   :   BepInEx] Loading [VikingsDoSwim 1.3.2]
[Info   :   BepInEx] Loading [WieldEquipmentWhileSwimming 1.0.8]
[Info   :   BepInEx] Loading [BreedingTweaks 1.0.0]
[Info   :   BepInEx] Loading [ComfyGizmo 1.9.0]
[Info   :   BepInEx] Loading [ParticleControl 0.0.2]
[Info   :   BepInEx] Loading [MissingPieces 2.0.6]
[Info   :   BepInEx] Loading [BossDespawn 1.4.0]
[Info   :   BepInEx] Loading [ChestSnap 0.0.3]
[Info   :   BepInEx] Loading [Frogger.NoUselessWarnings 1.1.0]
[Info   :   BepInEx] Loading [DragoonCapes 1.2.8]
[Info   :   BepInEx] Loading [FenceSnap 0.3.0]
[Info   :   BepInEx] Loading [MultiUserChest 0.5.6]
[Info   :   BepInEx] Loading [ItemHopper 1.4.2]
[Info   :   BepInEx] Loading [AsocialCartography 0.1.0]
[Info   :   BepInEx] Loading [PinAssistant 1.7.0]
[Info   :   BepInEx] Loading [Leash 1.1.7]
[Info   :   BepInEx] Loading [Crawler 0.0.7]
Loading Nasty Crawler
[Info   :   BepInEx] Loading [Better Networking 2.3.2]
Fallback handler could not load library C:/Program Files (x86)/Steam/steamapps/common/Valheim/valheim_Data/MonoBleedingEdge/data-000001B3C3109860.dll
Fallback handler could not load library C:/Program Files (x86)/Steam/steamapps/common/Valheim/valheim_Data/MonoBleedingEdge/data-000001B3C2F24010.dll
[Info   :   BepInEx] Loading [ServerSideMap 1.3.10.0]
[Info   :   BepInEx] Loading [NoAFKEvents 1.0.2]
[Info   :   BepInEx] Loading [Quick Stack - Store - Sort - Trash - Restock 1.4.5]
[Info   :   BepInEx] Loading [Golem 0.0.7]
Loading Golem
[Info   :   BepInEx] Loading [OdinsFoodBarrels 1.0.16]
[Info   :   BepInEx] Loading [More Gates 1.0.10]
[Info   :   BepInEx] Loading [Monsterzz 0.0.7]
[Info   :   BepInEx] Loading [DoOrDieMonsters 1.2.0]
[Info   :   BepInEx] Loading [Do Or Die Items 1.1.0]
[Info   :   BepInEx] Loading [FruitTrees 1.3.1]
[Info   :   BepInEx] Loading [SupplyCrates 0.2.7]
[Info   :   BepInEx] Loading [FarmyardAnimals 0.4.7]
[Info   :   BepInEx] Loading [FancyFoods 0.3.1]
[Info   :   BepInEx] Loading [Lycanthrope 1.0.7]
[Info   :   BepInEx] Loading [Marketplace NPCs 1.0.0]
[Info   :   BepInEx] Loading [RuneMagic 1.1.26]
Calculated centers for 29 icebergs
[Info   :   BepInEx] Loading [Forsaken Power Overhaul 1.1.4]
[Info   :   BepInEx] Loading [kg.ItemDrawers 1.0.7]
[Info   :   BepInEx] Loading [kg.MarketplaceNpcModels 1.0.0]
[Info   :   BepInEx] Loading [kg.moremappins 1.0.0]
[MoreMapPins] Loading icons from C:\Users\johnf\AppData\Roaming\r2modmanPlus-local\Valheim\profiles\Project Valheim\BepInEx\config\MoreMapPins
[Info   :   BepInEx] Loading [kg.NoMoreCrashes 1.5.0]
[Info   :   BepInEx] Loading [TameableCollector 1.0.0]
[Info   :   BepInEx] Loading [Valheim Enchantment System 1.6.7]
Fallback handler could not load library C:/Program Files (x86)/Steam/steamapps/common/Valheim/valheim_Data/MonoBleedingEdge/data-000001B4717D2420.dll
[Info   :   BepInEx] Loading [1.1.0 1.1.0]
[Info   :   BepInEx] Loading [Less ZDO Corruption 1.0.1]
[Info   :   BepInEx] Loading [Surtling Core Overclocking 1.3.2]
[Info   :   BepInEx] Loading [Soulcatcher 4.5.4]
Fallback handler could not load library C:/Program Files (x86)/Steam/steamapps/common/Valheim/valheim_Data/MonoBleedingEdge/data-000001B4833FF020.dll
[Info   :   BepInEx] Loading [MarketplaceAndServerNPCs 9.2.2]
Fallback handler could not load library C:/Program Files (x86)/Steam/steamapps/common/Valheim/valheim_Data/MonoBleedingEdge/data-000001B471545B80.dll
Fallback handler could not load library C:/Program Files (x86)/Steam/steamapps/common/Valheim/valheim_Data/MonoBleedingEdge/data-000001B4717DF460.dll
[Info   :   BepInEx] Loading [ValheimArmory 1.7.0]
[Info   :   BepInEx] Loading [BetterUI 2.5.4]
[Info   :   BepInEx] Loading [CycleChests 0.1.0]
CycleChests: Awake
[Info   :   BepInEx] Loading [Speedy Paths Mod 1.0.8]
[Info   :   BepInEx] Loading [OdinsKingdom 1.2.19]
[Info   :   BepInEx] Loading [HoneyPlus 5.3.2]
[Warning:Jotunn.Managers.ItemManager] [HoneyPlus] Custom item HoneySausages already added
[Info   :   BepInEx] Loading [Backpacks 1.3.3]
[Info   :   BepInEx] Loading [AutoFollowPath 1.6.0]
[Info   :   BepInEx] Loading [Blacksmithing 1.2.5]
[Info   :   BepInEx] Loading [Cooking 1.1.15]
[Info   :   BepInEx] Loading [Darwin Awards 1.0.6]
[Info   :   BepInEx] Loading [Exploration 1.0.2]
[Info   :   BepInEx] Loading [Farming 2.1.12]
[Info   :   BepInEx] Loading [Foraging 1.0.8]
[Info   :   BepInEx] Loading [Lumberjacking 1.0.5]
[Info   :   BepInEx] Loading [Mining 1.1.5]
[Info   :   BepInEx] Loading [PackHorse 1.0.3]
[Info   :   BepInEx] Loading [Resurrection 1.0.11]
[Info   :   BepInEx] Loading [Sailing 1.1.7]
[Info   :   BepInEx] Loading [Server Characters 1.4.11]
[Info   :   BepInEx] Loading [Solid Hitboxes 1.0.5]
[Info   :   BepInEx] Loading [Vitality 1.1.2]
[Info   :   BepInEx] Loading [Display BepInEx Info In-Game 2.0.2]
[Info   :   BepInEx] Loading [OdinArchitect 1.2.7]
[Info   :   BepInEx] Loading [OdinCampsite 1.5.3]
[Info   :   BepInEx] Loading [OdinHorse 1.2.6]
[Info   :   BepInEx] Loading [Minimal Status Effects 1.0.7]
[Info   :   BepInEx] Loading [Instaloot 1.0.0]
[Info   :   BepInEx] Loading [SearsCatalog 1.4.0]
[Info   :   BepInEx] Loading [Almanac 3.0.6]
[Info   :   BepInEx] Loading [FishChum 1.0.1]
[Info   :   BepInEx] Loading [FortifySkillsRedux 1.0.8]
[Info   :   BepInEx] Loading [SafetyStatus 1.0.0]
[Info   :   BepInEx] Loading [SkilledCarryWeight 1.2.1]
[Info   :   BepInEx] Loading [AdvancedTerrainModifiers 1.2.6]
[Info   :   BepInEx] Loading [Marks all portals on the minimap when renaming and using them. Removes them on destroy. 1.1.0]
[Info   :   BepInEx] Loading [Quickstep 1.0.4]
[Info   :   BepInEx] Loading [RtDBiomes 1.6.2]
[Info   :   BepInEx] Loading [BlastFurnaceTakesAll 1.0.3]
[Info   :   BepInEx] Loading [NoSmokeSimplified 1.0.7]
[Info   :   BepInEx] Loading [Warfare 1.6.4]
[Info   :   BepInEx] Loading [Armory 1.1.7]
[Info   :   BepInEx] Loading [Monstrum 1.3.4]
[Info   :   BepInEx] Loading [WarfareFireAndIce 1.1.4]
[Info   :   BepInEx] Loading [MonstrumAshlands 1.1.5]
[Info   :   BepInEx] Loading [MonstrumDeepNorth 1.1.5]
[Info   :   BepInEx] Loading [ValheimLegends 0.5.0]
02/08/2024 08:52:13: Valheim Legends attempting to find VLAssets in the directory with C:\Users\johnf\AppData\Roaming\r2modmanPlus-local\Valheim\profiles\Project Valheim\BepInEx\plugins\Torann_VL-Valheim_Legends\ValheimLegends.dll
[Info   :   BepInEx] Loading [EpicMMOSystem 1.8.96]
[Info   :   BepInEx] Loading [RareMagicPortal 2.7.2]
[Info   :   BepInEx] Loading [Wizard 0.0.7]
Loading Wizard
[Info   :   BepInEx] Loading [Comfort Tweaks 3.2.10]
Fallback handler could not load library C:/Program Files (x86)/Steam/steamapps/common/Valheim/valheim_Data/MonoBleedingEdge/data-000001B7236EA970.dll
[Info   :   BepInEx] Loading [DragonRiders 1.0.5]
Couldn't create a Convex Mesh from source mesh "Sphere" within the maximum polygons limit (256). The partial hull will be used. Consider simplifying your mesh.
[Info   :   BepInEx] Loading [hnmbow 1.0.1]
[Message:   BepInEx] Chainloader startup complete
Looking for transpiler match
Found Transpiler Patch
[Info   :StartupAccelerator] Batch-patched 783 methods after Chainloader end in 6178 ms
02/08/2024 08:52:35: Fetching PlatformPrefs 'GuiScale' before loading defaults
02/08/2024 08:52:35: Fetching PlatformPrefs 'GuiScale' before loading defaults
Privilege Multiplayer is not known on this platform. Privilege therefore is granted without check...
Privilege UserGeneratedContent is not known on this platform. Privilege therefore is granted without check...
Privilege CrossPlay is not known on this platform. Privilege therefore is granted without check...
